<?xml version="1.0" encoding="UTF-8"?>
<testsuite name="com.antigravity.smarthub.platform.shizuku.SystemActionExecutorTest" tests="5" skipped="0" failures="0" errors="0" timestamp="2026-08-08T19:27:16" hostname="A_REGULAR_MF" time="1.114">
  <properties/>
  <testcase name="testSuccessfulTransaction" classname="com.antigravity.smarthub.platform.shizuku.SystemActionExecutorTest" time="1.082"/>
  <testcase name="testSafetyGovernorVetoFails" classname="com.antigravity.smarthub.platform.shizuku.SystemActionExecutorTest" time="0.013"/>
  <testcase name="testFailedExecutionFails" classname="com.antigravity.smarthub.platform.shizuku.SystemActionExecutorTest" time="0.002"/>
  <testcase name="testFailedVerificationTriggersRollback" classname="com.antigravity.smarthub.platform.shizuku.SystemActionExecutorTest" time="0.016"/>
  <testcase name="testMissingUserServiceFails" classname="com.antigravity.smarthub.platform.shizuku.SystemActionExecutorTest" time="0.0"/>
  <system-out><![CDATA[]]></system-out>
  <system-err><![CDATA[]]></system-err>
</testsuite>
