<?xml version="1.0" encoding="UTF-8"?>
<testsuite name="com.antigravity.smarthub.core.state.StateMachineEngineTest" tests="4" skipped="0" failures="0" errors="0" timestamp="2026-08-08T19:27:16" hostname="A_REGULAR_MF" time="0.011">
  <properties/>
  <testcase name="testPermanentGameExitAfter3SecondDebounce" classname="com.antigravity.smarthub.core.state.StateMachineEngineTest" time="0.01"/>
  <testcase name="testTransient2SecondForegroundChangeIgnoredDuringGaming" classname="com.antigravity.smarthub.core.state.StateMachineEngineTest" time="0.0"/>
  <testcase name="testThermalEmergencyOverridesGamingImmediately" classname="com.antigravity.smarthub.core.state.StateMachineEngineTest" time="0.001"/>
  <testcase name="testScreenOffAt2PMDoesNotTriggerOvernightDeepIdle" classname="com.antigravity.smarthub.core.state.StateMachineEngineTest" time="0.0"/>
  <system-out><![CDATA[]]></system-out>
  <system-err><![CDATA[]]></system-err>
</testsuite>
