<?xml version="1.0" encoding="UTF-8"?>
<testsuite name="com.antigravity.smarthub.platform.shizuku.SystemActionExecutorTest" tests="6" skipped="0" failures="0" errors="0" timestamp="2026-08-08T19:33:27" hostname="A_REGULAR_MF" time="1.179">
  <properties/>
  <testcase name="testFailedAppOpsVerificationTriggersRollback" classname="com.antigravity.smarthub.platform.shizuku.SystemActionExecutorTest" time="1.158"/>
  <testcase name="testSafetyGovernorVetoFails" classname="com.antigravity.smarthub.platform.shizuku.SystemActionExecutorTest" time="0.001"/>
  <testcase name="testFailedStandbyBucketVerificationTriggersRollback" classname="com.antigravity.smarthub.platform.shizuku.SystemActionExecutorTest" time="0.002"/>
  <testcase name="testFailedRefreshRateVerificationTriggersRollback" classname="com.antigravity.smarthub.platform.shizuku.SystemActionExecutorTest" time="0.014"/>
  <testcase name="testSuccessfulRefreshRateTransaction" classname="com.antigravity.smarthub.platform.shizuku.SystemActionExecutorTest" time="0.002"/>
  <testcase name="testMissingUserServiceFails" classname="com.antigravity.smarthub.platform.shizuku.SystemActionExecutorTest" time="0.0"/>
  <system-out><![CDATA[]]></system-out>
  <system-err><![CDATA[]]></system-err>
</testsuite>
